<?xml version="1.0" encoding="UTF-8"?>
<testsuite xmlns:xsi="http://www.w3.org/2001/XMLSchema-instance" xsi:noNamespaceSchemaLocation="https://maven.apache.org/surefire/maven-surefire-plugin/xsd/surefire-test-report-3.0.xsd" version="3.0" name="com.techmart.test.ProductCatalogBeanTest" time="70.9" tests="1" errors="1" skipped="0" failures="0">
  <properties>
[...]
</properties>
  <testcase name="" classname="com.techmart.test.ProductCatalogBeanTest" time="70.9">
    <error message="Cannot deploy: test-3beb305a-8071-4d59-984c-7d1657a11620.war" type="org.jboss.arquillian.container.spi.client.container.DeploymentException"><![CDATA[org.jboss.arquillian.container.spi.client.container.DeploymentException: Cannot deploy: test-3beb305a-8071-4d59-984c-7d1657a11620.war
	at org.jboss.as.arquillian.container.ArchiveDeployer.createException(ArchiveDeployer.java:215)
	at org.jboss.as.arquillian.container.ArchiveDeployer.deployInternal(ArchiveDeployer.java:180)
	at org.jboss.as.arquillian.container.ArchiveDeployer.deployInternal(ArchiveDeployer.java:163)
	at org.jboss.as.arquillian.container.ArchiveDeployer.deploy(ArchiveDeployer.java:91)
	at org.jboss.as.arquillian.container.CommonDeployableContainer.deploy(CommonDeployableContainer.java:262)
	at org.jboss.arquillian.container.impl.client.container.ContainerDeployController$3.call(ContainerDeployController.java:151)
	at org.jboss.arquillian.container.impl.client.container.ContainerDeployController$3.call(ContainerDeployController.java:118)
	at org.jboss.arquillian.container.impl.client.container.ContainerDeployController.executeOperation(ContainerDeployController.java:239)
	at org.jboss.arquillian.container.impl.client.container.ContainerDeployController.deploy(ContainerDeployController.java:118)
	at java.base/java.lang.reflect.Method.invoke(Method.java:578)
	at org.jboss.arquillian.core.impl.ObserverImpl.invoke(ObserverImpl.java:86)
	at org.jboss.arquillian.core.impl.EventContextImpl.invokeObservers(EventContextImpl.java:103)
	at org.jboss.arquillian.core.impl.EventContextImpl.proceed(EventContextImpl.java:90)
	at org.jboss.arquillian.container.impl.client.ContainerDeploymentContextHandler.createContainerContext(ContainerDeploymentContextHandler.java:54)
	at java.base/java.lang.reflect.Method.invoke(Method.java:578)
	at org.jboss.arquillian.core.impl.ObserverImpl.invoke(ObserverImpl.java:86)
	at org.jboss.arquillian.core.impl.EventContextImpl.proceed(EventContextImpl.java:95)
	at org.jboss.arquillian.container.impl.client.ContainerDeploymentContextHandler.createDeploymentContext(ContainerDeploymentContextHandler.java:71)
	at java.base/java.lang.reflect.Method.invoke(Method.java:578)
	at org.jboss.arquillian.core.impl.ObserverImpl.invoke(ObserverImpl.java:86)
	at org.jboss.arquillian.core.impl.EventContextImpl.proceed(EventContextImpl.java:95)
	at org.jboss.arquillian.container.impl.client.container.DeploymentExceptionHandler.verifyExpectedExceptionDuringDeploy(DeploymentExceptionHandler.java:47)
	at java.base/java.lang.reflect.Method.invoke(Method.java:578)
	at org.jboss.arquillian.core.impl.ObserverImpl.invoke(ObserverImpl.java:86)
	at org.jboss.arquillian.core.impl.EventContextImpl.proceed(EventContextImpl.java:95)
	at org.jboss.arquillian.core.impl.ManagerImpl.fire(ManagerImpl.java:133)
	at org.jboss.arquillian.core.impl.ManagerImpl.fire(ManagerImpl.java:105)
	at org.jboss.arquillian.core.impl.EventImpl.fire(EventImpl.java:62)
	at org.jboss.arquillian.container.impl.client.container.ContainerDeployController$1.perform(ContainerDeployController.java:92)
	at org.jboss.arquillian.container.impl.client.container.ContainerDeployController$1.perform(ContainerDeployController.java:77)
	at org.jboss.arquillian.container.impl.client.container.ContainerDeployController.forEachDeployment(ContainerDeployController.java:232)
	at org.jboss.arquillian.container.impl.client.container.ContainerDeployController.forEachManagedDeployment(ContainerDeployController.java:212)
	at org.jboss.arquillian.container.impl.client.container.ContainerDeployController.deployManaged(ContainerDeployController.java:77)
	at java.base/java.lang.reflect.Method.invoke(Method.java:578)
	at org.jboss.arquillian.core.impl.ObserverImpl.invoke(ObserverImpl.java:86)
	at org.jboss.arquillian.core.impl.EventContextImpl.invokeObservers(EventContextImpl.java:103)
	at org.jboss.arquillian.core.impl.EventContextImpl.proceed(EventContextImpl.java:90)
	at org.jboss.arquillian.core.impl.ManagerImpl.fire(ManagerImpl.java:133)
	at org.jboss.arquillian.core.impl.ManagerImpl.fire(ManagerImpl.java:105)
	at org.jboss.arquillian.core.impl.EventImpl.fire(EventImpl.java:62)
	at org.jboss.arquillian.container.test.impl.client.ContainerEventController.execute(ContainerEventController.java:96)
	at java.base/java.lang.reflect.Method.invoke(Method.java:578)
	at org.jboss.arquillian.core.impl.ObserverImpl.invoke(ObserverImpl.java:86)
	at org.jboss.arquillian.core.impl.EventContextImpl.invokeObservers(EventContextImpl.java:103)
	at org.jboss.arquillian.core.impl.EventContextImpl.proceed(EventContextImpl.java:90)
	at org.jboss.arquillian.test.impl.TestContextHandler.createClassContext(TestContextHandler.java:83)
	at java.base/java.lang.reflect.Method.invoke(Method.java:578)
	at org.jboss.arquillian.core.impl.ObserverImpl.invoke(ObserverImpl.java:86)
	at org.jboss.arquillian.core.impl.EventContextImpl.proceed(EventContextImpl.java:95)
	at org.jboss.arquillian.test.impl.TestContextHandler.createSuiteContext(TestContextHandler.java:69)
	at java.base/java.lang.reflect.Method.invoke(Method.java:578)
	at org.jboss.arquillian.core.impl.ObserverImpl.invoke(ObserverImpl.java:86)
	at org.jboss.arquillian.core.impl.EventContextImpl.proceed(EventContextImpl.java:95)
	at org.jboss.arquillian.core.impl.ManagerImpl.fire(ManagerImpl.java:133)
	at org.jboss.arquillian.core.impl.ManagerImpl.fire(ManagerImpl.java:105)
	at org.jboss.arquillian.test.impl.EventTestRunnerAdaptor.beforeClass(EventTestRunnerAdaptor.java:89)
	at org.jboss.arquillian.junit5.ArquillianExtension.beforeAll(ArquillianExtension.java:35)
	at java.base/java.util.ArrayList.forEach(ArrayList.java:1511)
	Suppressed: java.io.IOException: java.net.ConnectException: WFLYPRT0023: Could not connect to remote+http://127.0.0.1:9990. The connection timed out
		at org.jboss.as.controller.client.impl.AbstractModelControllerClient.executeForResult(AbstractModelControllerClient.java:149)
		at org.jboss.as.controller.client.impl.AbstractModelControllerClient.execute(AbstractModelControllerClient.java:75)
		at org.jboss.as.controller.client.helpers.DelegatingModelControllerClient.execute(DelegatingModelControllerClient.java:69)
		at org.wildfly.plugin.core.DefaultContainerDescription.lookup(DefaultContainerDescription.java:110)
		at org.wildfly.plugin.core.ServerHelper.getContainerDescription(ServerHelper.java:95)
		at org.wildfly.plugin.core.DefaultDeploymentManager$LazyContainerDescription.get(DefaultDeploymentManager.java:536)
		at org.wildfly.plugin.core.DefaultDeploymentManager$LazyContainerDescription.isDomain(DefaultDeploymentManager.java:523)
		at org.wildfly.plugin.core.DefaultDeploymentManager.validateDeployment(DefaultDeploymentManager.java:430)
		at org.wildfly.plugin.core.DefaultDeploymentManager.deploy(DefaultDeploymentManager.java:63)
		at org.jboss.as.arquillian.container.ArchiveDeployer.deployInternal(ArchiveDeployer.java:178)
		... 56 more
	Caused by: java.net.ConnectException: WFLYPRT0023: Could not connect to remote+http://127.0.0.1:9990. The connection timed out
		at org.jboss.as.protocol.ProtocolConnectionUtils.connectSync(ProtocolConnectionUtils.java:132)
		at org.jboss.as.protocol.ProtocolConnectionManager$EstablishingConnection.connect(ProtocolConnectionManager.java:259)
		at org.jboss.as.protocol.ProtocolConnectionManager.connect(ProtocolConnectionManager.java:70)
		at org.jboss.as.protocol.mgmt.ManagementClientChannelStrategy$Establishing.getChannel(ManagementClientChannelStrategy.java:167)
		at org.jboss.as.controller.client.impl.RemotingModelControllerClient.getOrCreateChannel(RemotingModelControllerClient.java:129)
		at org.jboss.as.controller.client.impl.RemotingModelControllerClient$2.getChannel(RemotingModelControllerClient.java:82)
		at org.jboss.as.protocol.mgmt.ManagementChannelHandler.executeRequest(ManagementChannelHandler.java:135)
		at org.jboss.as.protocol.mgmt.ManagementChannelHandler.executeRequest(ManagementChannelHandler.java:110)
		at org.jboss.as.controller.client.impl.AbstractModelControllerClient.executeRequest(AbstractModelControllerClient.java:263)
		at org.jboss.as.controller.client.impl.AbstractModelControllerClient.execute(AbstractModelControllerClient.java:168)
		at org.jboss.as.controller.client.impl.AbstractModelControllerClient.executeForResult(AbstractModelControllerClient.java:147)
		... 65 more
	Suppressed: [CIRCULAR REFERENCE: java.net.ConnectException: WFLYPRT0023: Could not connect to remote+http://127.0.0.1:9990. The connection timed out]
Caused by: [CIRCULAR REFERENCE: java.net.ConnectException: WFLYPRT0023: Could not connect to remote+http://127.0.0.1:9990. The connection timed out]
]]></error>
    <system-err><![CDATA[Could not load Logmanager "org.jboss.logmanager.LogManager"
java.lang.ClassNotFoundException: org.jboss.logmanager.LogManager
	at java.base/jdk.internal.loader.BuiltinClassLoader.loadClass(BuiltinClassLoader.java:641)
	at java.base/jdk.internal.loader.ClassLoaders$AppClassLoader.loadClass(ClassLoaders.java:188)
	at java.base/java.lang.ClassLoader.loadClass(ClassLoader.java:521)
	at java.logging/java.util.logging.LogManager$1.run(LogManager.java:239)
	at java.logging/java.util.logging.LogManager$1.run(LogManager.java:223)
	at java.base/java.security.AccessController.doPrivileged(AccessController.java:319)
	at java.logging/java.util.logging.LogManager.<clinit>(LogManager.java:222)
	at java.logging/java.util.logging.Logger.demandLogger(Logger.java:650)
	at java.logging/java.util.logging.Logger.getLogger(Logger.java:720)
	at java.logging/java.util.logging.Logger.getLogger(Logger.java:703)
	at org.apache.maven.surefire.junitplatform.JUnitPlatformProvider.setupJunitLogger(JUnitPlatformProvider.java:133)
	at org.apache.maven.surefire.junitplatform.JUnitPlatformProvider.invoke(JUnitPlatformProvider.java:116)
	at org.apache.maven.surefire.booter.ForkedBooter.runSuitesInProcess(ForkedBooter.java:385)
	at org.apache.maven.surefire.booter.ForkedBooter.execute(ForkedBooter.java:162)
	at org.apache.maven.surefire.booter.ForkedBooter.run(ForkedBooter.java:507)
	at org.apache.maven.surefire.booter.ForkedBooter.main(ForkedBooter.java:495)
Jul 06, 2026 2:23:38 AM org.jboss.threads.Version <clinit>
INFO: JBoss Threads version 2.4.0.Final
Jul 06, 2026 2:24:24 AM org.jboss.remoting3.EndpointImpl <clinit>
INFO: JBoss Remoting version 5.0.27.Final
Jul 06, 2026 2:24:24 AM org.xnio.Xnio <clinit>
INFO: XNIO version 3.8.9.Final
Jul 06, 2026 2:24:24 AM org.xnio.nio.NioXnio <clinit>
INFO: XNIO NIO Implementation Version 3.8.9.Final
Jul 06, 2026 2:24:26 AM org.wildfly.security.Version <clinit>
INFO: ELY00001: WildFly Elytron version 2.1.0.Final
Jul 06, 2026 2:24:38 AM org.jboss.as.arquillian.container.ArchiveDeployer undeploy
WARN: Failed to undeploy test-3beb305a-8071-4d59-984c-7d1657a11620.war: {"WFLYCTL0062: Composite operation failed and was rolled back. Steps that failed:" => {"Operation step-1" => "WFLYCTL0216: Management resource '[(\"deployment\" => \"test-3beb305a-8071-4d59-984c-7d1657a11620.war\")]' not found"}}
]]></system-err>
  </testcase>
</testsuite>